build/app/intermediates/manifest_merge_blame_file/debug/manifest-merger-blame-debug-report.txt
1<?xml version="1.0" encoding="utf-8"?>
2<manifest xmlns:android="http://schemas.android.com/apk/res/android"
3    package="com.PSE_App.numbercrunching"
4    android:versionCode="1"
5    android:versionName="1.0.0" >
6
7    <uses-sdk
8        android:minSdkVersion="21"
9        android:targetSdkVersion="29" />
10    <!--
11         Flutter needs it to communicate with the running application
12         to allow setting breakpoints, to provide hot reload, etc.
13    -->
14    <uses-permission android:name="android.permission.INTERNET" />
14-->src/debug/AndroidManifest.xml:6:5-66
14-->src/debug/AndroidManifest.xml:6:22-64
15    <uses-permission android:name="android.permission.READ_EXTERNAL_STORAGE" />
15-->[:image_picker] AndroidManifest.xml:7:5-80
15-->[:image_picker] AndroidManifest.xml:7:22-77
16    <uses-permission android:name="android.permission.WRITE_EXTERNAL_STORAGE" />
16-->[:image_picker] AndroidManifest.xml:8:5-81
16-->[:image_picker] AndroidManifest.xml:8:22-78
17    <uses-permission android:name="android.permission.ACCESS_FINE_LOCATION" /> <!-- Although the *SdkVersion is captured in gradle build files, this is required for non gradle builds -->
17-->[:geolocator] AndroidManifest.xml:7:5-79
17-->[:geolocator] AndroidManifest.xml:7:22-76
18    <!-- <uses-sdk android:minSdkVersion="14" /> -->
19    <uses-permission android:name="android.permission.ACCESS_NETWORK_STATE" />
19-->[com.google.firebase:firebase-firestore:21.3.0] AndroidManifest.xml:13:5-79
19-->[com.google.firebase:firebase-firestore:21.3.0] AndroidManifest.xml:13:22-76
20    <uses-permission android:name="android.permission.WAKE_LOCK" /> <!-- Required by older versions of Google Play services to create IID tokens -->
20-->[com.google.firebase:firebase-iid:17.0.3] AndroidManifest.xml:24:5-68
20-->[com.google.firebase:firebase-iid:17.0.3] AndroidManifest.xml:24:22-65
21    <uses-permission android:name="com.google.android.c2dm.permission.RECEIVE" />
21-->[com.google.firebase:firebase-iid:17.0.3] AndroidManifest.xml:26:5-82
21-->[com.google.firebase:firebase-iid:17.0.3] AndroidManifest.xml:26:22-79
22    <uses-permission android:name="com.google.android.finsky.permission.BIND_GET_INSTALL_REFERRER_SERVICE" />
22-->[com.google.android.gms:play-services-measurement:17.4.4] AndroidManifest.xml:26:5-110
22-->[com.google.android.gms:play-services-measurement:17.4.4] AndroidManifest.xml:26:22-107
23    <!--
24 io.flutter.app.FlutterApplication is an android.app.Application that
25         calls FlutterMain.startInitialization(this); in its onCreate method.
26         In most cases you can leave this as-is, but you if you want to provide
27         additional functionality it is fine to subclass or reimplement
28         FlutterApplication and put your custom class here.
29    -->
30    <application
30-->src/main/AndroidManifest.xml:8:5-48:19
31        android:appComponentFactory="androidx.core.app.CoreComponentFactory"
31-->[androidx.core:core:1.2.0] AndroidManifest.xml:24:18-86
32        android:debuggable="true"
33        android:usesCleartextTraffic="true" >
33-->src/main/AndroidManifest.xml:9:9-44
34        android:name="io.flutter.app.FlutterApplication"
35        android:label="Algo Learning"
36        android:icon="@mipmap/ic_launcher">
37        android:requestLegacyExternalStorage="true"
38        <activity
38-->src/main/AndroidManifest.xml:14:9-42:20
39            android:name="com.example.numbercrunching.MainActivity"
39-->src/main/AndroidManifest.xml:15:13-41
40            android:configChanges="orientation|keyboardHidden|keyboard|screenSize|smallestScreenSize|locale|layoutDirection|fontScale|screenLayout|density|uiMode"
40-->src/main/AndroidManifest.xml:18:13-163
41            android:hardwareAccelerated="true"
41-->src/main/AndroidManifest.xml:19:13-47
42            android:launchMode="singleTop"
42-->src/main/AndroidManifest.xml:16:13-43
43            android:theme="@style/LaunchTheme"
43-->src/main/AndroidManifest.xml:17:13-47
44            android:windowSoftInputMode="adjustResize" >
44-->src/main/AndroidManifest.xml:20:13-55
45
46            <!--
47                 Specifies an Android theme to apply to this Activity as soon as
48                 the Android process has started. This theme is visible to the user
49                 while the Flutter UI initializes. After that, this theme continues
50                 to determine the Window background behind the Flutter UI.
51            -->
52            <meta-data
52-->src/main/AndroidManifest.xml:25:13-28:17
53                android:name="io.flutter.embedding.android.NormalTheme"
53-->src/main/AndroidManifest.xml:26:15-70
54                android:resource="@style/NormalTheme" />
54-->src/main/AndroidManifest.xml:27:15-52
55            <!--
56                 Displays an Android View that continues showing the launch screen
57                 Drawable until Flutter paints its first frame, then this splash
58                 screen fades out. A splash screen is useful to avoid any visual
59                 gap between the end of Android's launch screen and the painting of
60                 Flutter's first frame.
61            -->
62            <meta-data
62-->src/main/AndroidManifest.xml:34:13-37:17
63                android:name="io.flutter.embedding.android.SplashScreenDrawable"
63-->src/main/AndroidManifest.xml:35:15-79
64                android:resource="@drawable/launch_background" />
64-->src/main/AndroidManifest.xml:36:15-61
65
66            <intent-filter>
66-->src/main/AndroidManifest.xml:38:13-41:29
67                <action android:name="android.intent.action.MAIN" />
67-->src/main/AndroidManifest.xml:39:17-68
67-->src/main/AndroidManifest.xml:39:25-66
68
69                <category android:name="android.intent.category.LAUNCHER" />
69-->src/main/AndroidManifest.xml:40:17-76
69-->src/main/AndroidManifest.xml:40:27-74
70            </intent-filter>
71        </activity>
72        <!--
73             Don't delete the meta-data below.
74             This is used by the Flutter tool to generate GeneratedPluginRegistrant.java
75        -->
76        <meta-data
76-->src/main/AndroidManifest.xml:45:9-47:33
77            android:name="flutterEmbedding"
77-->src/main/AndroidManifest.xml:46:13-44
78            android:value="2" />
78-->src/main/AndroidManifest.xml:47:13-30
79
80        <provider
80-->[:image_picker] AndroidManifest.xml:11:9-19:20
81            android:name="io.flutter.plugins.imagepicker.ImagePickerFileProvider"
81-->[:image_picker] AndroidManifest.xml:12:13-82
82            android:authorities="com.PSE_App.numbercrunching.flutter.image_provider"
82-->[:image_picker] AndroidManifest.xml:13:13-74
83            android:exported="false"
83-->[:image_picker] AndroidManifest.xml:14:13-37
84            android:grantUriPermissions="true" >
84-->[:image_picker] AndroidManifest.xml:15:13-47
85            <meta-data
85-->[:image_picker] AndroidManifest.xml:16:13-18:75
86                android:name="android.support.FILE_PROVIDER_PATHS"
86-->[:image_picker] AndroidManifest.xml:17:17-67
87                android:resource="@xml/flutter_image_picker_file_paths" />
87-->[:image_picker] AndroidManifest.xml:18:17-72
88        </provider>
89
90        <service
90-->[:cloud_firestore] AndroidManifest.xml:8:9-12:19
91            android:name="com.google.firebase.components.ComponentDiscoveryService"
91-->[:cloud_firestore] AndroidManifest.xml:8:18-89
92            android:directBootAware="true"
92-->[com.google.firebase:firebase-common:19.3.0] AndroidManifest.xml:34:13-43
93            android:exported="false" >
93-->[com.google.firebase:firebase-auth:19.3.2] AndroidManifest.xml:35:13-37
94            <meta-data
94-->[:cloud_firestore] AndroidManifest.xml:9:13-11:85
95                android:name="com.google.firebase.components:io.flutter.plugins.firebase.cloudfirestore.FlutterFirebaseAppRegistrar"
95-->[:cloud_firestore] AndroidManifest.xml:10:17-133
96                android:value="com.google.firebase.components.ComponentRegistrar" />
96-->[:cloud_firestore] AndroidManifest.xml:11:17-82
97            <meta-data
97-->[:firebase_auth] AndroidManifest.xml:9:13-11:85
98                android:name="com.google.firebase.components:io.flutter.plugins.firebaseauth.FlutterFirebaseAppRegistrar"
98-->[:firebase_auth] AndroidManifest.xml:10:17-122
99                android:value="com.google.firebase.components.ComponentRegistrar" />
99-->[:firebase_auth] AndroidManifest.xml:11:17-82
100            <meta-data
100-->[:firebase_storage] AndroidManifest.xml:9:13-11:85
101                android:name="com.google.firebase.components:io.flutter.plugins.firebase.storage.FlutterFirebaseAppRegistrar"
101-->[:firebase_storage] AndroidManifest.xml:10:17-126
102                android:value="com.google.firebase.components.ComponentRegistrar" />
102-->[:firebase_storage] AndroidManifest.xml:11:17-82
103            <meta-data
103-->[:firebase_core] AndroidManifest.xml:9:13-11:85
104                android:name="com.google.firebase.components:io.flutter.plugins.firebase.core.FlutterFirebaseAppRegistrar"
104-->[:firebase_core] AndroidManifest.xml:10:17-123
105                android:value="com.google.firebase.components.ComponentRegistrar" />
105-->[:firebase_core] AndroidManifest.xml:11:17-82
106            <meta-data
106-->[com.google.firebase:firebase-auth:19.3.2] AndroidManifest.xml:36:13-38:85
107                android:name="com.google.firebase.components:com.google.firebase.auth.FirebaseAuthRegistrar"
107-->[com.google.firebase:firebase-auth:19.3.2] AndroidManifest.xml:37:17-109
108                android:value="com.google.firebase.components.ComponentRegistrar" />
108-->[com.google.firebase:firebase-auth:19.3.2] AndroidManifest.xml:38:17-82
109            <meta-data
109-->[com.google.firebase:firebase-firestore:21.3.0] AndroidManifest.xml:20:13-22:85
110                android:name="com.google.firebase.components:com.google.firebase.firestore.FirestoreRegistrar"
110-->[com.google.firebase:firebase-firestore:21.3.0] AndroidManifest.xml:21:17-111
111                android:value="com.google.firebase.components.ComponentRegistrar" />
111-->[com.google.firebase:firebase-firestore:21.3.0] AndroidManifest.xml:22:17-82
112            <meta-data
112-->[com.google.firebase:firebase-storage:17.0.0] AndroidManifest.xml:31:13-33:85
113                android:name="com.google.firebase.components:com.google.firebase.storage.StorageRegistrar"
113-->[com.google.firebase:firebase-storage:17.0.0] AndroidManifest.xml:32:17-107
114                android:value="com.google.firebase.components.ComponentRegistrar" />
114-->[com.google.firebase:firebase-storage:17.0.0] AndroidManifest.xml:33:17-82
115            <meta-data
115-->[com.google.firebase:firebase-iid:17.0.3] AndroidManifest.xml:32:13-34:85
116                android:name="com.google.firebase.components:com.google.firebase.iid.Registrar"
116-->[com.google.firebase:firebase-iid:17.0.3] AndroidManifest.xml:33:17-96
117                android:value="com.google.firebase.components.ComponentRegistrar" />
117-->[com.google.firebase:firebase-iid:17.0.3] AndroidManifest.xml:34:17-82
118            <meta-data
118-->[com.google.android.gms:play-services-measurement-api:17.4.4] AndroidManifest.xml:30:13-32:85
119                android:name="com.google.firebase.components:com.google.firebase.analytics.connector.internal.AnalyticsConnectorRegistrar"
119-->[com.google.android.gms:play-services-measurement-api:17.4.4] AndroidManifest.xml:31:17-139
120                android:value="com.google.firebase.components.ComponentRegistrar" />
120-->[com.google.android.gms:play-services-measurement-api:17.4.4] AndroidManifest.xml:32:17-82
121            <meta-data
121-->[com.google.firebase:firebase-installations:16.3.2] AndroidManifest.xml:17:13-19:85
122                android:name="com.google.firebase.components:com.google.firebase.installations.FirebaseInstallationsRegistrar"
122-->[com.google.firebase:firebase-installations:16.3.2] AndroidManifest.xml:18:17-127
123                android:value="com.google.firebase.components.ComponentRegistrar" />
123-->[com.google.firebase:firebase-installations:16.3.2] AndroidManifest.xml:19:17-82
124        </service>
125
126        <activity
126-->[:flutter_inappwebview] AndroidManifest.xml:8:9-11:47
127            android:name="com.pichillilorenzo.flutter_inappwebview.InAppBrowser.InAppBrowserActivity"
127-->[:flutter_inappwebview] AndroidManifest.xml:9:13-102
128            android:configChanges="orientation|screenSize"
128-->[:flutter_inappwebview] AndroidManifest.xml:10:13-59
129            android:theme="@style/AppTheme" />
129-->[:flutter_inappwebview] AndroidManifest.xml:11:13-44
130        <activity
130-->[:flutter_inappwebview] AndroidManifest.xml:12:9-15:55
131            android:name="com.pichillilorenzo.flutter_inappwebview.ChromeCustomTabs.ChromeCustomTabsActivity"
131-->[:flutter_inappwebview] AndroidManifest.xml:13:13-110
132            android:configChanges="orientation|screenSize"
132-->[:flutter_inappwebview] AndroidManifest.xml:14:13-59
133            android:theme="@style/ThemeTransparent" />
133-->[:flutter_inappwebview] AndroidManifest.xml:15:13-52
134
135        <receiver android:name="com.pichillilorenzo.flutter_inappwebview.ChromeCustomTabs.ActionBroadcastReceiver" />
135-->[:flutter_inappwebview] AndroidManifest.xml:17:9-118
135-->[:flutter_inappwebview] AndroidManifest.xml:17:19-115
136
137        <service android:name="io.flutter.plugins.firebasemessaging.FlutterFirebaseInstanceIDService" >
137-->[:firebase_messaging] AndroidManifest.xml:8:9-12:19
137-->[:firebase_messaging] AndroidManifest.xml:8:18-102
138            <intent-filter>
138-->[:firebase_messaging] AndroidManifest.xml:9:13-11:29
139                <action android:name="com.google.firebase.INSTANCE_ID_EVENT" />
139-->[:firebase_messaging] AndroidManifest.xml:10:17-80
139-->[:firebase_messaging] AndroidManifest.xml:10:25-77
140            </intent-filter>
141        </service>
142        <service android:name="io.flutter.plugins.firebasemessaging.FlutterFirebaseMessagingService" >
142-->[:firebase_messaging] AndroidManifest.xml:13:9-17:19
142-->[:firebase_messaging] AndroidManifest.xml:13:18-101
143            <intent-filter>
143-->[:firebase_messaging] AndroidManifest.xml:14:13-16:29
144                <action android:name="com.google.firebase.MESSAGING_EVENT" />
144-->[:firebase_messaging] AndroidManifest.xml:15:17-78
144-->[:firebase_messaging] AndroidManifest.xml:15:25-75
145            </intent-filter>
146        </service>
147
148        <activity
148-->[:url_launcher] AndroidManifest.xml:8:9-11:74
149            android:name="io.flutter.plugins.urllauncher.WebViewActivity"
149-->[:url_launcher] AndroidManifest.xml:9:13-74
150            android:exported="false"
150-->[:url_launcher] AndroidManifest.xml:10:13-37
151            android:theme="@android:style/Theme.NoTitleBar.Fullscreen" />
151-->[:url_launcher] AndroidManifest.xml:11:13-71
152        <activity
152-->[com.google.firebase:firebase-auth:19.3.2] AndroidManifest.xml:24:9-31:50
153            android:name="com.google.firebase.auth.internal.FederatedSignInActivity"
153-->[com.google.firebase:firebase-auth:19.3.2] AndroidManifest.xml:25:13-85
154            android:excludeFromRecents="true"
154-->[com.google.firebase:firebase-auth:19.3.2] AndroidManifest.xml:26:13-46
155            android:exported="true"
155-->[com.google.firebase:firebase-auth:19.3.2] AndroidManifest.xml:27:13-36
156            android:launchMode="singleTask"
156-->[com.google.firebase:firebase-auth:19.3.2] AndroidManifest.xml:28:13-44
157            android:permission="com.google.firebase.auth.api.gms.permission.LAUNCH_FEDERATED_SIGN_IN"
157-->[com.google.firebase:firebase-auth:19.3.2] AndroidManifest.xml:29:13-102
158            android:theme="@android:style/Theme.Translucent.NoTitleBar" />
158-->[com.google.firebase:firebase-auth:19.3.2] AndroidManifest.xml:30:13-72
159        <activity
159-->[com.google.android.gms:play-services-auth:18.1.0] AndroidManifest.xml:23:9-27:75
160            android:name="com.google.android.gms.auth.api.signin.internal.SignInHubActivity"
160-->[com.google.android.gms:play-services-auth:18.1.0] AndroidManifest.xml:24:13-93
161            android:excludeFromRecents="true"
161-->[com.google.android.gms:play-services-auth:18.1.0] AndroidManifest.xml:25:13-46
162            android:exported="false"
162-->[com.google.android.gms:play-services-auth:18.1.0] AndroidManifest.xml:26:13-37
163            android:theme="@android:style/Theme.Translucent.NoTitleBar" />
163-->[com.google.android.gms:play-services-auth:18.1.0] AndroidManifest.xml:27:13-72
164        <!--
165            Service handling Google Sign-In user revocation. For apps that do not integrate with
166            Google Sign-In, this service will never be started.
167        -->
168        <service
168-->[com.google.android.gms:play-services-auth:18.1.0] AndroidManifest.xml:33:9-37:51
169            android:name="com.google.android.gms.auth.api.signin.RevocationBoundService"
169-->[com.google.android.gms:play-services-auth:18.1.0] AndroidManifest.xml:34:13-89
170            android:exported="true"
170-->[com.google.android.gms:play-services-auth:18.1.0] AndroidManifest.xml:35:13-36
171            android:permission="com.google.android.gms.auth.api.signin.permission.REVOCATION_NOTIFICATION"
171-->[com.google.android.gms:play-services-auth:18.1.0] AndroidManifest.xml:36:13-107
172            android:visibleToInstantApps="true" />
172-->[com.google.android.gms:play-services-auth:18.1.0] AndroidManifest.xml:37:13-48
173        <!--
174             FirebaseMessagingService performs security checks at runtime,
175             no need for explicit permissions despite exported="true"
176        -->
177        <service
177-->[com.google.firebase:firebase-messaging:17.3.3] AndroidManifest.xml:28:9-34:19
178            android:name="com.google.firebase.messaging.FirebaseMessagingService"
178-->[com.google.firebase:firebase-messaging:17.3.3] AndroidManifest.xml:29:13-82
179            android:exported="true" >
179-->[com.google.firebase:firebase-messaging:17.3.3] AndroidManifest.xml:30:13-36
180            <intent-filter android:priority="-500" >
180-->[:firebase_messaging] AndroidManifest.xml:14:13-16:29
181                <action android:name="com.google.firebase.MESSAGING_EVENT" />
181-->[:firebase_messaging] AndroidManifest.xml:15:17-78
181-->[:firebase_messaging] AndroidManifest.xml:15:25-75
182            </intent-filter>
183        </service>
184
185        <receiver
185-->[com.google.firebase:firebase-iid:17.0.3] AndroidManifest.xml:37:9-44:20
186            android:name="com.google.firebase.iid.FirebaseInstanceIdReceiver"
186-->[com.google.firebase:firebase-iid:17.0.3] AndroidManifest.xml:38:13-78
187            android:exported="true"
187-->[com.google.firebase:firebase-iid:17.0.3] AndroidManifest.xml:39:13-36
188            android:permission="com.google.android.c2dm.permission.SEND" >
188-->[com.google.firebase:firebase-iid:17.0.3] AndroidManifest.xml:40:13-73
189            <intent-filter>
189-->[com.google.firebase:firebase-iid:17.0.3] AndroidManifest.xml:41:13-43:29
190                <action android:name="com.google.android.c2dm.intent.RECEIVE" />
190-->[com.google.firebase:firebase-iid:17.0.3] AndroidManifest.xml:42:17-81
190-->[com.google.firebase:firebase-iid:17.0.3] AndroidManifest.xml:42:25-78
191            </intent-filter>
192        </receiver>
193        <!--
194             FirebaseInstanceIdService performs security checks at runtime,
195             no need for explicit permissions despite exported="true"
196        -->
197        <service
197-->[com.google.firebase:firebase-iid:17.0.3] AndroidManifest.xml:50:9-56:19
198            android:name="com.google.firebase.iid.FirebaseInstanceIdService"
198-->[com.google.firebase:firebase-iid:17.0.3] AndroidManifest.xml:51:13-77
199            android:exported="true" >
199-->[com.google.firebase:firebase-iid:17.0.3] AndroidManifest.xml:52:13-36
200            <intent-filter android:priority="-500" >
200-->[:firebase_messaging] AndroidManifest.xml:9:13-11:29
201                <action android:name="com.google.firebase.INSTANCE_ID_EVENT" />
201-->[:firebase_messaging] AndroidManifest.xml:10:17-80
201-->[:firebase_messaging] AndroidManifest.xml:10:25-77
202            </intent-filter>
203        </service>
204
205        <activity
205-->[com.google.android.gms:play-services-base:17.2.1] AndroidManifest.xml:23:9-26:75
206            android:name="com.google.android.gms.common.api.GoogleApiActivity"
206-->[com.google.android.gms:play-services-base:17.2.1] AndroidManifest.xml:24:13-79
207            android:exported="false"
207-->[com.google.android.gms:play-services-base:17.2.1] AndroidManifest.xml:25:13-37
208            android:theme="@android:style/Theme.Translucent.NoTitleBar" />
208-->[com.google.android.gms:play-services-base:17.2.1] AndroidManifest.xml:26:13-72
209
210        <receiver
210-->[com.google.android.gms:play-services-measurement:17.4.4] AndroidManifest.xml:29:9-33:20
211            android:name="com.google.android.gms.measurement.AppMeasurementReceiver"
211-->[com.google.android.gms:play-services-measurement:17.4.4] AndroidManifest.xml:30:13-85
212            android:enabled="true"
212-->[com.google.android.gms:play-services-measurement:17.4.4] AndroidManifest.xml:31:13-35
213            android:exported="false" >
213-->[com.google.android.gms:play-services-measurement:17.4.4] AndroidManifest.xml:32:13-37
214        </receiver>
215
216        <service
216-->[com.google.android.gms:play-services-measurement:17.4.4] AndroidManifest.xml:35:9-38:40
217            android:name="com.google.android.gms.measurement.AppMeasurementService"
217-->[com.google.android.gms:play-services-measurement:17.4.4] AndroidManifest.xml:36:13-84
218            android:enabled="true"
218-->[com.google.android.gms:play-services-measurement:17.4.4] AndroidManifest.xml:37:13-35
219            android:exported="false" />
219-->[com.google.android.gms:play-services-measurement:17.4.4] AndroidManifest.xml:38:13-37
220        <service
220-->[com.google.android.gms:play-services-measurement:17.4.4] AndroidManifest.xml:39:9-43:72
221            android:name="com.google.android.gms.measurement.AppMeasurementJobService"
221-->[com.google.android.gms:play-services-measurement:17.4.4] AndroidManifest.xml:40:13-87
222            android:enabled="true"
222-->[com.google.android.gms:play-services-measurement:17.4.4] AndroidManifest.xml:41:13-35
223            android:exported="false"
223-->[com.google.android.gms:play-services-measurement:17.4.4] AndroidManifest.xml:42:13-37
224            android:permission="android.permission.BIND_JOB_SERVICE" />
224-->[com.google.android.gms:play-services-measurement:17.4.4] AndroidManifest.xml:43:13-69
225
226        <provider
226-->[com.google.firebase:firebase-common:19.3.0] AndroidManifest.xml:26:9-30:39
227            android:name="com.google.firebase.provider.FirebaseInitProvider"
227-->[com.google.firebase:firebase-common:19.3.0] AndroidManifest.xml:27:13-77
228            android:authorities="com.PSE_App.numbercrunching.firebaseinitprovider"
228-->[com.google.firebase:firebase-common:19.3.0] AndroidManifest.xml:28:13-72
229            android:exported="false"
229-->[com.google.firebase:firebase-common:19.3.0] AndroidManifest.xml:29:13-37
230            android:initOrder="100" />
230-->[com.google.firebase:firebase-common:19.3.0] AndroidManifest.xml:30:13-36
231
232        <meta-data
232-->[com.google.android.gms:play-services-basement:17.2.1] AndroidManifest.xml:23:9-25:69
233            android:name="com.google.android.gms.version"
233-->[com.google.android.gms:play-services-basement:17.2.1] AndroidManifest.xml:24:13-58
234            android:value="@integer/google_play_services_version" />
234-->[com.google.android.gms:play-services-basement:17.2.1] AndroidManifest.xml:25:13-66
235    </application>
236
237</manifest>